D:\USERS\MILEYAN\DOCUMENTS\VISUAL STUDIO 2012\PROJECTS\SVD\SVD\DEBUG\ALGLIBINTERNAL.OBJ
D:\USERS\MILEYAN\DOCUMENTS\VISUAL STUDIO 2012\PROJECTS\SVD\SVD\DEBUG\ALGLIBMISC.OBJ
D:\USERS\MILEYAN\DOCUMENTS\VISUAL STUDIO 2012\PROJECTS\SVD\SVD\DEBUG\AP.OBJ
D:\USERS\MILEYAN\DOCUMENTS\VISUAL STUDIO 2012\PROJECTS\SVD\SVD\DEBUG\DATAANALYSIS.OBJ
D:\USERS\MILEYAN\DOCUMENTS\VISUAL STUDIO 2012\PROJECTS\SVD\SVD\DEBUG\DIFFEQUATIONS.OBJ
D:\USERS\MILEYAN\DOCUMENTS\VISUAL STUDIO 2012\PROJECTS\SVD\SVD\DEBUG\FASTTRANSFORMS.OBJ
D:\USERS\MILEYAN\DOCUMENTS\VISUAL STUDIO 2012\PROJECTS\SVD\SVD\DEBUG\INTEGRATION.OBJ
D:\USERS\MILEYAN\DOCUMENTS\VISUAL STUDIO 2012\PROJECTS\SVD\SVD\DEBUG\INTERPOLATION.OBJ
D:\USERS\MILEYAN\DOCUMENTS\VISUAL STUDIO 2012\PROJECTS\SVD\SVD\DEBUG\LINALG.OBJ
D:\USERS\MILEYAN\DOCUMENTS\VISUAL STUDIO 2012\PROJECTS\SVD\SVD\DEBUG\OPTIMIZATION.OBJ
D:\USERS\MILEYAN\DOCUMENTS\VISUAL STUDIO 2012\PROJECTS\SVD\SVD\DEBUG\SOLVERS.OBJ
D:\USERS\MILEYAN\DOCUMENTS\VISUAL STUDIO 2012\PROJECTS\SVD\SVD\DEBUG\SPECIALFUNCTIONS.OBJ
D:\USERS\MILEYAN\DOCUMENTS\VISUAL STUDIO 2012\PROJECTS\SVD\SVD\DEBUG\STATISTICS.OBJ
D:\USERS\MILEYAN\DOCUMENTS\VISUAL STUDIO 2012\PROJECTS\SVD\SVD\DEBUG\CACULATE_METRIX.OBJ
D:\USERS\MILEYAN\DOCUMENTS\VISUAL STUDIO 2012\PROJECTS\SVD\SVD\DEBUG\DEVIDE_METRIX.OBJ
D:\USERS\MILEYAN\DOCUMENTS\VISUAL STUDIO 2012\PROJECTS\SVD\SVD\DEBUG\FIRST_SVD.OBJ
D:\USERS\MILEYAN\DOCUMENTS\VISUAL STUDIO 2012\PROJECTS\SVD\SVD\DEBUG\MULTIMETRIXCPU.OBJ
D:\USERS\MILEYAN\DOCUMENTS\VISUAL STUDIO 2012\PROJECTS\SVD\SVD\DEBUG\PRINT_METRIX.OBJ
D:\USERS\MILEYAN\DOCUMENTS\VISUAL STUDIO 2012\PROJECTS\SVD\SVD\DEBUG\TEST_ALGLIB.OBJ
D:\USERS\MILEYAN\DOCUMENTS\VISUAL STUDIO 2012\PROJECTS\SVD\SVD\DEBUG\VC110.PDB
D:\USERS\MILEYAN\DOCUMENTS\VISUAL STUDIO 2012\PROJECTS\SVD\DEBUG\SVD.ILK
D:\USERS\MILEYAN\DOCUMENTS\VISUAL STUDIO 2012\PROJECTS\SVD\DEBUG\SVD.EXE
D:\USERS\MILEYAN\DOCUMENTS\VISUAL STUDIO 2012\PROJECTS\SVD\DEBUG\SVD.PDB
D:\Users\mileyan\Documents\Visual Studio 2012\Projects\svd\svd\Debug\main.cu.cache
D:\Users\mileyan\Documents\Visual Studio 2012\Projects\svd\svd\Debug\secular_equation.cu.cache
D:\Users\mileyan\Documents\Visual Studio 2012\Projects\svd\svd\Debug\alglibinternal.obj
D:\Users\mileyan\Documents\Visual Studio 2012\Projects\svd\svd\Debug\alglibmisc.obj
D:\Users\mileyan\Documents\Visual Studio 2012\Projects\svd\svd\Debug\ap.obj
D:\Users\mileyan\Documents\Visual Studio 2012\Projects\svd\svd\Debug\caculate_metrix.obj
D:\Users\mileyan\Documents\Visual Studio 2012\Projects\svd\svd\Debug\dataanalysis.obj
D:\Users\mileyan\Documents\Visual Studio 2012\Projects\svd\svd\Debug\devide_metrix.obj
D:\Users\mileyan\Documents\Visual Studio 2012\Projects\svd\svd\Debug\diffequations.obj
D:\Users\mileyan\Documents\Visual Studio 2012\Projects\svd\svd\Debug\fasttransforms.obj
D:\Users\mileyan\Documents\Visual Studio 2012\Projects\svd\svd\Debug\first_svd.obj
D:\Users\mileyan\Documents\Visual Studio 2012\Projects\svd\svd\Debug\integration.obj
D:\Users\mileyan\Documents\Visual Studio 2012\Projects\svd\svd\Debug\interpolation.obj
D:\Users\mileyan\Documents\Visual Studio 2012\Projects\svd\svd\Debug\linalg.obj
D:\Users\mileyan\Documents\Visual Studio 2012\Projects\svd\svd\Debug\main.cu.obj
D:\Users\mileyan\Documents\Visual Studio 2012\Projects\svd\svd\Debug\multiMetrixCpu.obj
D:\Users\mileyan\Documents\Visual Studio 2012\Projects\svd\svd\Debug\optimization.obj
D:\Users\mileyan\Documents\Visual Studio 2012\Projects\svd\svd\Debug\print_metrix.obj
D:\Users\mileyan\Documents\Visual Studio 2012\Projects\svd\svd\Debug\secular_equation.cu.obj
D:\Users\mileyan\Documents\Visual Studio 2012\Projects\svd\svd\Debug\solvers.obj
D:\Users\mileyan\Documents\Visual Studio 2012\Projects\svd\svd\Debug\specialfunctions.obj
D:\Users\mileyan\Documents\Visual Studio 2012\Projects\svd\svd\Debug\statistics.obj
D:\Users\mileyan\Documents\Visual Studio 2012\Projects\svd\svd\Debug\test_alglib.obj
D:\Users\mileyan\Documents\Visual Studio 2012\Projects\svd\svd\Debug\cl.command.1.tlog
D:\Users\mileyan\Documents\Visual Studio 2012\Projects\svd\svd\Debug\CL.read.1.tlog
D:\Users\mileyan\Documents\Visual Studio 2012\Projects\svd\svd\Debug\CL.write.1.tlog
D:\Users\mileyan\Documents\Visual Studio 2012\Projects\svd\svd\Debug\link-cvtres.read.1.tlog
D:\Users\mileyan\Documents\Visual Studio 2012\Projects\svd\svd\Debug\link-cvtres.write.1.tlog
D:\Users\mileyan\Documents\Visual Studio 2012\Projects\svd\svd\Debug\link-rc.read.1.tlog
D:\Users\mileyan\Documents\Visual Studio 2012\Projects\svd\svd\Debug\link-rc.write.1.tlog
D:\Users\mileyan\Documents\Visual Studio 2012\Projects\svd\svd\Debug\link.command.1.tlog
D:\Users\mileyan\Documents\Visual Studio 2012\Projects\svd\svd\Debug\link.read.1.tlog
D:\Users\mileyan\Documents\Visual Studio 2012\Projects\svd\svd\Debug\link.write.1.tlog
D:\Users\mileyan\Documents\Visual Studio 2012\Projects\svd\svd\Debug\vc110.idb
D:\Users\mileyan\Documents\Visual Studio 2012\Projects\svd\svd\Debug\vc110.pdb
D:\Users\mileyan\Documents\Visual Studio 2012\Projects\svd\Debug\svd.pdb
D:\Users\mileyan\Documents\Visual Studio 2012\Projects\svd\Debug\svd.exe
D:\Users\mileyan\Documents\Visual Studio 2012\Projects\svd\Debug\svd.ilk
